mode: atomic
github.com/Z-M-Huang/go-burner/auth.go:15.64,18.2 1 1
github.com/Z-M-Huang/go-burner/auth.go:41.102,49.16 8 3
github.com/Z-M-Huang/go-burner/auth.go:52.2,56.16 4 3
github.com/Z-M-Huang/go-burner/auth.go:59.2,61.38 3 3
github.com/Z-M-Huang/go-burner/auth.go:64.2,66.16 3 2
github.com/Z-M-Huang/go-burner/auth.go:69.2,70.39 2 1
github.com/Z-M-Huang/go-burner/auth.go:49.16,51.3 1 0
github.com/Z-M-Huang/go-burner/auth.go:56.16,58.3 1 0
github.com/Z-M-Huang/go-burner/auth.go:61.38,63.3 1 1
github.com/Z-M-Huang/go-burner/auth.go:66.16,68.3 1 1
github.com/Z-M-Huang/go-burner/burner.go:21.13,24.2 2 1
github.com/Z-M-Huang/go-burner/burner.go:26.39,28.2 1 13
github.com/Z-M-Huang/go-burner/burners_api.go:15.46,16.21 1 4
github.com/Z-M-Huang/go-burner/burners_api.go:19.2,20.16 2 3
github.com/Z-M-Huang/go-burner/burners_api.go:23.2,25.16 3 3
github.com/Z-M-Huang/go-burner/burners_api.go:28.2,29.16 2 3
github.com/Z-M-Huang/go-burner/burners_api.go:32.2,32.38 1 3
github.com/Z-M-Huang/go-burner/burners_api.go:35.2,37.16 3 2
github.com/Z-M-Huang/go-burner/burners_api.go:40.2,40.22 1 1
github.com/Z-M-Huang/go-burner/burners_api.go:16.21,18.3 1 1
github.com/Z-M-Huang/go-burner/burners_api.go:20.16,22.3 1 0
github.com/Z-M-Huang/go-burner/burners_api.go:25.16,27.3 1 0
github.com/Z-M-Huang/go-burner/burners_api.go:29.16,31.3 1 0
github.com/Z-M-Huang/go-burner/burners_api.go:32.38,34.3 1 1
github.com/Z-M-Huang/go-burner/burners_api.go:37.16,39.3 1 1
github.com/Z-M-Huang/go-burner/burners_api.go:45.160,46.21 1 4
github.com/Z-M-Huang/go-burner/burners_api.go:49.2,60.16 12 3
github.com/Z-M-Huang/go-burner/burners_api.go:63.2,65.16 3 3
github.com/Z-M-Huang/go-burner/burners_api.go:68.2,69.16 2 3
github.com/Z-M-Huang/go-burner/burners_api.go:72.2,72.38 1 3
github.com/Z-M-Huang/go-burner/burners_api.go:75.2,77.16 3 2
github.com/Z-M-Huang/go-burner/burners_api.go:80.2,80.22 1 1
github.com/Z-M-Huang/go-burner/burners_api.go:46.21,48.3 1 1
github.com/Z-M-Huang/go-burner/burners_api.go:60.16,62.3 1 0
github.com/Z-M-Huang/go-burner/burners_api.go:65.16,67.3 1 0
github.com/Z-M-Huang/go-burner/burners_api.go:69.16,71.3 1 0
github.com/Z-M-Huang/go-burner/burners_api.go:72.38,74.3 1 1
github.com/Z-M-Huang/go-burner/burners_api.go:77.16,79.3 1 1
github.com/Z-M-Huang/go-burner/contacts_api.go:26.72,27.21 1 4
github.com/Z-M-Huang/go-burner/contacts_api.go:30.2,37.16 8 3
github.com/Z-M-Huang/go-burner/contacts_api.go:40.2,42.16 3 3
github.com/Z-M-Huang/go-burner/contacts_api.go:45.2,46.16 2 3
github.com/Z-M-Huang/go-burner/contacts_api.go:49.2,49.38 1 3
github.com/Z-M-Huang/go-burner/contacts_api.go:52.2,54.16 3 2
github.com/Z-M-Huang/go-burner/contacts_api.go:57.2,57.22 1 1
github.com/Z-M-Huang/go-burner/contacts_api.go:27.21,29.3 1 1
github.com/Z-M-Huang/go-burner/contacts_api.go:37.16,39.3 1 0
github.com/Z-M-Huang/go-burner/contacts_api.go:42.16,44.3 1 0
github.com/Z-M-Huang/go-burner/contacts_api.go:46.16,48.3 1 0
github.com/Z-M-Huang/go-burner/contacts_api.go:49.38,51.3 1 1
github.com/Z-M-Huang/go-burner/contacts_api.go:54.16,56.3 1 1
github.com/Z-M-Huang/go-burner/contacts_api.go:62.86,63.21 1 3
github.com/Z-M-Huang/go-burner/contacts_api.go:66.2,73.16 8 2
github.com/Z-M-Huang/go-burner/contacts_api.go:76.2,78.16 3 2
github.com/Z-M-Huang/go-burner/contacts_api.go:81.2,82.16 2 2
github.com/Z-M-Huang/go-burner/contacts_api.go:85.2,85.38 1 2
github.com/Z-M-Huang/go-burner/contacts_api.go:88.2,88.12 1 0
github.com/Z-M-Huang/go-burner/contacts_api.go:63.21,65.3 1 1
github.com/Z-M-Huang/go-burner/contacts_api.go:73.16,75.3 1 0
github.com/Z-M-Huang/go-burner/contacts_api.go:78.16,80.3 1 0
github.com/Z-M-Huang/go-burner/contacts_api.go:82.16,84.3 1 0
github.com/Z-M-Huang/go-burner/contacts_api.go:85.38,87.3 1 2
github.com/Z-M-Huang/go-burner/contacts_api.go:93.72,94.21 1 3
github.com/Z-M-Huang/go-burner/contacts_api.go:97.2,98.16 2 2
github.com/Z-M-Huang/go-burner/contacts_api.go:102.2,107.16 6 2
github.com/Z-M-Huang/go-burner/contacts_api.go:110.2,113.16 3 2
github.com/Z-M-Huang/go-burner/contacts_api.go:116.2,117.38 2 2
github.com/Z-M-Huang/go-burner/contacts_api.go:121.2,121.12 1 0
github.com/Z-M-Huang/go-burner/contacts_api.go:94.21,96.3 1 1
github.com/Z-M-Huang/go-burner/contacts_api.go:98.16,100.3 1 0
github.com/Z-M-Huang/go-burner/contacts_api.go:107.16,109.3 1 0
github.com/Z-M-Huang/go-burner/contacts_api.go:113.16,115.3 1 0
github.com/Z-M-Huang/go-burner/contacts_api.go:117.38,120.3 2 2
github.com/Z-M-Huang/go-burner/message_api.go:14.60,15.21 1 3
github.com/Z-M-Huang/go-burner/message_api.go:18.2,24.16 7 2
github.com/Z-M-Huang/go-burner/message_api.go:27.2,31.16 4 2
github.com/Z-M-Huang/go-burner/message_api.go:34.2,35.38 2 2
github.com/Z-M-Huang/go-burner/message_api.go:39.2,39.12 1 1
github.com/Z-M-Huang/go-burner/message_api.go:15.21,17.3 1 1
github.com/Z-M-Huang/go-burner/message_api.go:24.16,26.3 1 0
github.com/Z-M-Huang/go-burner/message_api.go:31.16,33.3 1 0
github.com/Z-M-Huang/go-burner/message_api.go:35.38,38.3 2 1
